#
# A fatal error has been detected by the Java Runtime Environment:
#
#  EXCEPTION_ACCESS_VIOLATION (0xc0000005) at pc=0x00007fff9f81e63c, pid=17328, tid=9892
#
# JRE version: OpenJDK Runtime Environment (21.0+35) (build 21+35-2513)
# Java VM: OpenJDK 64-Bit Server VM (21+35-2513, mixed mode, sharing, tiered, compressed oops, compressed class ptrs, g1 gc, windows-amd64)
# Problematic frame:
# V  [jvm.dll+0x81e63c]
#
# No core dump will be written. Minidumps are not enabled by default on client versions of Windows
#
# If you would like to submit a bug report, please visit:
#   https://bugreport.java.com/bugreport/crash.jsp
#

---------------  S U M M A R Y ------------

Command Line: --enable-preview -javaagent:D:\Dev\IntelliJ IDEA Ultimate 2\IntelliJ IDEA 2023.3.4\lib\idea_rt.jar=60772:D:\Dev\IntelliJ IDEA Ultimate 2\IntelliJ IDEA 2023.3.4\bin -Dfile.encoding=UTF-8 -Dsun.stdout.encoding=UTF-8 -Dsun.stderr.encoding=UTF-8 io.goji.jav.jvm.Crash

Host: AMD Ryzen 5 5600H with Radeon Graphics         , 12 cores, 15G,  Windows 10 , 64 bit Build 19041 (10.0.19041.1706)
Time: Sat Apr 20 11:22:35 2024  Windows 10 , 64 bit Build 19041 (10.0.19041.1706) elapsed time: 0.099042 seconds (0d 0h 0m 0s)

---------------  T H R E A D  ---------------

Current thread (0x0000020810781a90):  JavaThread "main"             [_thread_in_vm, id=9892, stack(0x0000001fcc500000,0x0000001fcc600000) (1024K)]

Stack: [0x0000001fcc500000,0x0000001fcc600000],  sp=0x0000001fcc5ff0e0,  free space=1020k
Native frames: (J=compiled Java code, j=interpreted, Vv=VM code, C=native code)
V  [jvm.dll+0x81e63c]
C  0x0000020821a9ce0b

The last pc belongs to native method entry point (kind = native) (printed below).
Java frames: (J=compiled Java code, j=interpreted, Vv=VM code)
j  jdk.internal.misc.Unsafe.getInt(Ljava/lang/Object;J)I+0 java.base@21
j  jdk.internal.misc.Unsafe.getInt(J)I+3 java.base@21
j  sun.misc.Unsafe.getInt(J)I+4 jdk.unsupported@21
j  io.goji.jav.jvm.Crash.main([Ljava/lang/String;)V+26
v  ~StubRoutines::call_stub 0x0000020821a9100d

siginfo: EXCEPTION_ACCESS_VIOLATION (0xc0000005), reading address 0xffffffffdeadbeef


Registers:
RAX=0x0000000000000000, RBX=0x0000020810781a90, RCX=0x0000020810781e48, RDX=0x0000001fcc5ff1d0
RSP=0x0000001fcc5ff0e0, RBP=0x0000001fcc5ff198, RSI=0xffffffffdeadbeef, RDI=0x0000000000000000
R8 =0x0000000000000000, R9 =0xffffffffdeadbeef, R10=0x0000020821a9cddc, R11=0x0000000000000101
R12=0x0000000000000000, R13=0x0000020832bdc1a0, R14=0x0000001fcc5ff1d0, R15=0x0000020810781a90
RIP=0x00007fff9f81e63c, EFLAGS=0x0000000000010246


Register to memory mapping:

RAX=0x0 is null
RBX=0x0000020810781a90 is a thread
RCX=0x0000020810781e48 points into unknown readable memory: 0x00007fff9fbba600 | 00 a6 bb 9f ff 7f 00 00
RDX=0x0000001fcc5ff1d0 is pointing into the stack for thread: 0x0000020810781a90
RSP=0x0000001fcc5ff0e0 is pointing into the stack for thread: 0x0000020810781a90
RBP=0x0000001fcc5ff198 is pointing into the stack for thread: 0x0000020810781a90
RSI=0xffffffffdeadbeef is an unknown value
RDI=0x0 is null
R8 =0x0 is null
R9 =0xffffffffdeadbeef is an unknown value
R10=0x0000020821a9cddc is at code_begin+1020 in an Interpreter codelet
native method entry point (kind = native)  [0x0000020821a9c9e0, 0x0000020821a9d508]  2856 bytes
R11=0x0000000000000101 is an unknown value
R12=0x0 is null
R13=0x0000020832bdc1a0 is pointing into metadata
R14=0x0000001fcc5ff1d0 is pointing into the stack for thread: 0x0000020810781a90
R15=0x0000020810781a90 is a thread

Top of Stack: (sp=0x0000001fcc5ff0e0)
0x0000001fcc5ff0e0:   0000020831e0bb98 0000020831cd1cc0
0x0000001fcc5ff0f0:   0000020831cd1cc0 0000020873078a68
0x0000001fcc5ff100:   0000020821a9896e 0000020821a9ce0b
0x0000001fcc5ff110:   0000020832448e10 0000000000000000
0x0000001fcc5ff120:   0000020831cb66d0 000000000000000d
0x0000001fcc5ff130:   0000000000000006 0000020821a989b8
0x0000001fcc5ff140:   0000000711fa5b28 0000000712013460
0x0000001fcc5ff150:   0000001fcc5ff150 0000000000000000
0x0000001fcc5ff160:   0000000000000007 0000020832449a80
0x0000001fcc5ff170:   0000000000000000 00000007120059b0
0x0000001fcc5ff180:   0000020832448e10 0000000000000000
0x0000001fcc5ff190:   0000001fcc5ff1b8 0000001fcc5ff220
0x0000001fcc5ff1a0:   0000020821a9896e 0000000000000000
0x0000001fcc5ff1b0:   0000020821a9a395 ffffffffdeadbeef
0x0000001fcc5ff1c0:   0000000000000000 0000000000000000
0x0000001fcc5ff1d0:   0000000712013460 0000001fcc5ff1d8
0x0000001fcc5ff1e0:   0000020832bdc1f3 0000000000000004
0x0000001fcc5ff1f0:   0000020832449a80 0000000000000000
0x0000001fcc5ff200:   00000007120059b0 0000020832448e78
0x0000001fcc5ff210:   0000001fcc5ff1b8 0000001fcc5ff230
0x0000001fcc5ff220:   0000001fcc5ff290 0000020821a9896e
0x0000001fcc5ff230:   ffffffffdeadbeef 0000000000000000
0x0000001fcc5ff240:   0000000712013460 0000001fcc5ff248
0x0000001fcc5ff250:   0000020873071f5c 0000000000000004
0x0000001fcc5ff260:   0000020873075d18 0000000000000000
0x0000001fcc5ff270:   0000000711fa4a38 0000020873071f88
0x0000001fcc5ff280:   0000001fcc5ff230 0000001fcc5ff2a0
0x0000001fcc5ff290:   0000001fcc5ff300 0000020821a9896e
0x0000001fcc5ff2a0:   ffffffffdeadbeef 0000000000000000
0x0000001fcc5ff2b0:   0000000711fa5b28 0000001fcc5ff2b8
0x0000001fcc5ff2c0:   000002087340829a 0000000000000004
0x0000001fcc5ff2d0:   0000020873408350 0000000000000000 

Instructions: (pc=0x00007fff9f81e63c)
0x00007fff9f81e53c:   8b 47 18 48 89 41 18 48 8b 4f 08 48 8b 47 20 48
0x00007fff9f81e54c:   89 41 20 48 8d 8b 98 03 00 00 e8 75 85 af ff 48
0x00007fff9f81e55c:   8b 74 24 38 90 c7 83 4c 04 00 00 04 00 00 00 48
0x00007fff9f81e56c:   8b 5c 24 30 48 83 c4 20 5f c3 cc cc cc cc cc cc
0x00007fff9f81e57c:   cc cc cc cc 48 89 5c 24 08 48 89 74 24 10 57 48
0x00007fff9f81e58c:   83 ec 20 8b 81 b8 00 00 00 48 8d 99 48 fc ff ff
0x00007fff9f81e59c:   05 53 21 ff ff 49 8b f1 49 8b f8 83 f8 01 77 08
0x00007fff9f81e5ac:   48 8b cb e8 4c d4 bc ff 80 3d f6 1e 40 00 00 c7
0x00007fff9f81e5bc:   83 4c 04 00 00 06 00 00 00 75 06 e8 04 b4 e9 ff
0x00007fff9f81e5cc:   90 48 8b 83 50 04 00 00 a8 01 74 0d 45 33 c0 b2
0x00007fff9f81e5dc:   01 48 8b cb e8 4b b0 f0 ff 8b 83 48 04 00 00 a8
0x00007fff9f81e5ec:   0c 74 08 48 8b cb e8 b9 e9 bc ff 33 c0 c7 83 4c
0x00007fff9f81e5fc:   04 00 00 06 00 00 00 48 85 ff 74 2d 48 8b c7 83
0x00007fff9f81e60c:   e0 03 48 83 f8 01 75 0c 48 8d 4f ff ff 15 82 93
0x00007fff9f81e61c:   39 00 eb 15 48 83 f8 02 75 0c 48 8d 4f fe ff 15
0x00007fff9f81e62c:   f0 09 39 00 eb 03 48 8b 07 c6 83 78 04 00 00 01
0x00007fff9f81e63c:   8b 34 30 c6 83 78 04 00 00 00 48 8b bb 98 01 00
0x00007fff9f81e64c:   00 48 8b 47 10 48 83 38 00 74 08 48 8b cf e8 b1
0x00007fff9f81e65c:   01 b8 ff 48 8b 57 08 48 8b 4f 10 48 89 4a 10 48
0x00007fff9f81e66c:   8b 57 08 48 8b 4f 18 48 89 4a 18 48 8b 4f 20 48
0x00007fff9f81e67c:   8b 57 08 48 89 4a 20 48 8d 8b 98 03 00 00 e8 41
0x00007fff9f81e68c:   84 af ff 90 8b c6 48 8b 74 24 38 c7 83 4c 04 00
0x00007fff9f81e69c:   00 04 00 00 00 48 8b 5c 24 30 48 83 c4 20 5f c3
0x00007fff9f81e6ac:   cc cc cc cc 48 89 5c 24 08 48 89 74 24 10 57 48
0x00007fff9f81e6bc:   83 ec 20 8b 81 b8 00 00 00 48 8d 99 48 fc ff ff
0x00007fff9f81e6cc:   05 53 21 ff ff 49 8b f1 49 8b f8 83 f8 01 77 08
0x00007fff9f81e6dc:   48 8b cb e8 1c d3 bc ff 80 3d c6 1d 40 00 00 c7
0x00007fff9f81e6ec:   83 4c 04 00 00 06 00 00 00 75 06 e8 d4 b2 e9 ff
0x00007fff9f81e6fc:   90 48 8b 83 50 04 00 00 a8 01 74 0d 45 33 c0 b2
0x00007fff9f81e70c:   01 48 8b cb e8 1b af f0 ff 8b 83 48 04 00 00 a8
0x00007fff9f81e71c:   0c 74 08 48 8b cb e8 89 e8 bc ff 33 c9 c7 83 4c
0x00007fff9f81e72c:   04 00 00 06 00 00 00 48 85 ff 74 33 48 8b c7 83 


Stack slot to memory mapping:

stack at sp + 0 slots: 0x0000020831e0bb98 points into unknown readable memory: 0x00007fff9f9b1580 | 80 15 9b 9f ff 7f 00 00
stack at sp + 1 slots: 0x0000020831cd1cc0 points into unknown readable memory: 0x0000000000000000 | 00 00 00 00 00 00 00 00
stack at sp + 2 slots: 0x0000020831cd1cc0 points into unknown readable memory: 0x0000000000000000 | 00 00 00 00 00 00 00 00
stack at sp + 3 slots: 0x0000020873078a68 is pointing into metadata
stack at sp + 4 slots: 0x0000020821a9896e is at code_begin+1454 in an Interpreter codelet
return entry points  [0x0000020821a983c0, 0x0000020821a98f18]  2904 bytes
stack at sp + 5 slots: 0x0000020821a9ce0b is at code_begin+1067 in an Interpreter codelet
native method entry point (kind = native)  [0x0000020821a9c9e0, 0x0000020821a9d508]  2856 bytes
stack at sp + 6 slots: {method} {0x0000020832448e18} 'getInt' '(Ljava/lang/Object;J)I' in 'jdk/internal/misc/Unsafe'
stack at sp + 7 slots: 0x0 is null

native method entry point (kind = native)  [0x0000020821a9c9e0, 0x0000020821a9d508]  2856 bytes
[MachCode]
  0x0000020821a9c9e0: 488b 4b08 | 0fb7 492e | 584c 8d74 | ccf8 6800 | 0000 0068 | 0000 0000 | 5055 488b | ec41 5568 
  0x0000020821a9ca00: 0000 0000 | 4c8b 6b08 | 4d8d 6d38 | 5348 8b53 | 0848 8b52 | 0848 8b52 | 1848 8b52 | 7048 8b12 
  0x0000020821a9ca20: 5248 8b53 | 1048 85d2 | 0f84 0700 | 0000 4881 | c208 0100 | 0052 488b | 5308 488b | 5208 488b 
  0x0000020821a9ca40: 5210 5249 | 8bc6 482b | c548 c1e8 | 0350 6800 | 0000 0068 | 0000 0000 | 4889 2424 | 41c6 8779 
  0x0000020821a9ca60: 0400 0001 | 488b 4310 | 4885 c074 | 208b 88cc | 0000 0083 | c102 8988 | cc00 0000 | 2388 e000 
  0x0000020821a9ca80: 0000 0f84 | cb09 0000 | e9cf 0000 | 0048 8b43 | 1848 85c0 | 0f85 b000 | 0000 e805 | 0000 00e9 
  0x0000020821a9caa0: 9900 0000 | 488b d348 | 8d44 2408 | 4c89 6dc0 | 498b cfc5 | f877 4989 | afa8 0300 | 0049 8987 
  0x0000020821a9cac0: 9803 0000 | 4883 ec20 | 40f6 c40f | 0f84 1900 | 0000 4883 | ec08 48b8 | f03c 3d9f | ff7f 0000 
  0x0000020821a9cae0: ffd0 4883 | c408 e90c | 0000 0048 | b8f0 3c3d | 9fff 7f00 | 00ff d048 | 83c4 2049 | c787 9803 
  0x0000020821a9cb00: 0000 0000 | 0000 49c7 | 87a8 0300 | 0000 0000 | 0049 c787 | a003 0000 | 0000 0000 | c5f8 7749 
  0x0000020821a9cb20: 837f 0800 | 0f84 0500 | 0000 e9d1 | 43ff ff4c | 8b6d c04c | 8b75 c84e | 8d74 f500 | c348 8b43 
  0x0000020821a9cb40: 1848 85c0 | 0f84 1200 | 0000 8b48 | 0883 c102 | 8948 0823 | 481c 0f84 | f708 0000 | 493b a7e8 
  0x0000020821a9cb60: 0400 000f | 8748 0000 | 0089 8424 | 00f0 ffff | 8984 2400 | e0ff ff89 | 8424 00d0 | ffff 8984 
  0x0000020821a9cb80: 2400 c0ff | ff89 8424 | 00b0 ffff | 8984 2400 | a0ff ff89 | 8424 0090 | ffff 8984 | 2400 80ff 
  0x0000020821a9cba0: ff49 3ba7 | e004 0000 | 7607 4989 | a7e8 0400 | 0041 c687 | 7904 0000 | 0049 ba19 | 05c2 9fff 
  0x0000020821a9cbc0: 7f00 0041 | 803a 000f | 843e 0000 | 0048 8b55 | e849 8bcf | 4883 ec20 | 40f6 c40f | 0f84 1900 
  0x0000020821a9cbe0: 0000 4883 | ec08 48b8 | 80e8 729f | ff7f 0000 | ffd0 4883 | c408 e90c | 0000 0048 | b880 e872 
  0x0000020821a9cc00: 9fff 7f00 | 00ff d048 | 83c4 2048 | 8b5d e84c | 8b5b 0845 | 0fb7 5b2e | 41c1 e303 | 492b e348 
  0x0000020821a9cc20: 83ec 2048 | 83e4 f04c | 8b5b 604d | 85db 0f85 | ab00 0000 | e805 0000 | 00e9 9900 | 0000 488b 
  0x0000020821a9cc40: d348 8d44 | 2408 4c89 | 6dc0 498b | cfc5 f877 | 4989 afa8 | 0300 0049 | 8987 9803 | 0000 4883 
  0x0000020821a9cc60: ec20 40f6 | c40f 0f84 | 1900 0000 | 4883 ec08 | 48b8 b063 | 3d9f ff7f | 0000 ffd0 | 4883 c408 
  0x0000020821a9cc80: e90c 0000 | 0048 b8b0 | 633d 9fff | 7f00 00ff | d048 83c4 | 2049 c787 | 9803 0000 | 0000 0000 
  0x0000020821a9cca0: 49c7 87a8 | 0300 0000 | 0000 0049 | c787 a003 | 0000 0000 | 0000 c5f8 | 7749 837f | 0800 0f84 
  0x0000020821a9ccc0: 0500 0000 | e937 42ff | ff4c 8b6d | c04c 8b75 | c84e 8d74 | f500 c348 | 8b5d e84c | 8b5b 6041 
  0x0000020821a9cce0: ffd3 488b | 5de8 4889 | 4518 448b | 5b28 41f6 | c308 0f84 | 1b00 0000 | 4c8b 5b08 | 4d8b 5b08 
  0x0000020821a9cd00: 4d8b 5b18 | 4d8b 5b70 | 4d8b 1b4c | 895d 1048 | 8d55 1048 | 8b43 5849 | bab0 3d73 | 9fff 7f00 
  0x0000020821a9cd20: 0049 3bc2 | 0f85 ab00 | 0000 e805 | 0000 00e9 | 9900 0000 | 488b d348 | 8d44 2408 | 4c89 6dc0 
  0x0000020821a9cd40: 498b cfc5 | f877 4989 | afa8 0300 | 0049 8987 | 9803 0000 | 4883 ec20 | 40f6 c40f | 0f84 1900 
  0x0000020821a9cd60: 0000 4883 | ec08 48b8 | b063 3d9f | ff7f 0000 | ffd0 4883 | c408 e90c | 0000 0048 | b8b0 633d 
  0x0000020821a9cd80: 9fff 7f00 | 00ff d048 | 83c4 2049 | c787 9803 | 0000 0000 | 0000 49c7 | 87a8 0300 | 0000 0000 
  0x0000020821a9cda0: 0049 c787 | a003 0000 | 0000 0000 | c5f8 7749 | 837f 0800 | 0f84 0500 | 0000 e941 | 41ff ff4c 
  0x0000020821a9cdc0: 8b6d c04c | 8b75 c84e | 8d74 f500 | c348 8b5d | e848 8b43 | 5849 8d8f | b803 0000 | c5f8 7749 
  0x0000020821a9cde0: 89af a803 | 0000 49ba | dccd a921 | 0802 0000 | 4d89 97a0 | 0300 0049 | 89a7 9803 | 0000 41c7 
  0x0000020821a9ce00: 874c 0400 | 0004 0000 | 00ff d0c5 | f877 4883 | ec10 c5fb | 1104 2448 | 83ec 1048 | 8904 2448 
  0x0000020821a9ce20: c744 2408 | 0000 0000 | 41c7 874c | 0400 0005 | 0000 00f0 | 8344 24c0 | 0049 3baf | 5004 0000 
  0x0000020821a9ce40: 0f87 0e00 | 0000 4183 | bf48 0400 | 0000 0f84 | 2000 0000 | 498b cf4c | 8be4 4883 | ec20 4883 
  0x0000020821a9ce60: e4f0 48b8 | 70bc 3e9f | ff7f 0000 | ffd0 498b | e44d 33e4 | 41c7 874c | 0400 0008 | 0000 0049 
  0x0000020821a9ce80: c787 9803 | 0000 0000 | 0000 49c7 | 87a8 0300 | 0000 0000 | 0049 c787 | a003 0000 | 0000 0000 
  0x0000020821a9cea0: c5f8 774d | 8b9f 2804 | 0000 41c7 | 8300 0100 | 0000 0000 | 0049 bb9a | a3a9 2108 | 0200 004c 
  0x0000020821a9cec0: 3b5d 180f | 8524 0200 | 0048 8b04 | 2448 83c4 | 1048 85c0 | 0f84 fe01 | 0000 a803 | 0f85 0800 
  0x0000020821a9cee0: 0000 488b | 00e9 ee01 | 0000 a801 | 0f85 0900 | 0000 488b | 40fe e9dd | 0100 0048 | 8b40 ff41 
  0x0000020821a9cf00: 807f 4000 | 0f84 ce01 | 0000 4883 | f800 0f84 | c401 0000 | 4d8b 5f28 | 4983 fb00 | 0f84 1400 
  0x0000020821a9cf20: 0000 4983 | eb08 4d89 | 5f28 4d03 | 5f38 4989 | 03e9 a201 | 0000 4881 | ecd0 0000 | 0048 8904 
  0x0000020821a9cf40: 2448 894c | 2408 4889 | 5424 1048 | 8974 2418 | 4889 7c24 | 204c 8944 | 2428 4c89 | 4c24 304c 
  0x0000020821a9cf60: 8954 2438 | 4c89 5c24 | 40c5 fb11 | 4424 50c5 | fb11 4c24 | 58c5 fb11 | 5424 60c5 | fb11 5c24 
  0x0000020821a9cf80: 68c5 fb11 | 6424 70c5 | fb11 6c24 | 78c5 fb11 | b424 8000 | 0000 c5fb | 11bc 2488 | 0000 00c5 
  0x0000020821a9cfa0: 7b11 8424 | 9000 0000 | c57b 118c | 2498 0000 | 00c5 7b11 | 9424 a000 | 0000 c57b | 119c 24a8 
  0x0000020821a9cfc0: 0000 00c5 | 7b11 a424 | b000 0000 | c57b 11ac | 24b8 0000 | 00c5 7b11 | b424 c000 | 0000 c57b 
  0x0000020821a9cfe0: 11bc 24c8 | 0000 0049 | 8bd7 488b | c848 83ec | 2040 f6c4 | 0f0f 8419 | 0000 0048 | 83ec 0848 
  0x0000020821a9d000: b880 2032 | 9fff 7f00 | 00ff d048 | 83c4 08e9 | 0c00 0000 | 48b8 8020 | 329f ff7f | 0000 ffd0 
  0x0000020821a9d020: 4883 c420 | c57b 10bc | 24c8 0000 | 00c5 7b10 | b424 c000 | 0000 c57b | 10ac 24b8 | 0000 00c5 
  0x0000020821a9d040: 7b10 a424 | b000 0000 | c57b 109c | 24a8 0000 | 00c5 7b10 | 9424 a000 | 0000 c57b | 108c 2498 
  0x0000020821a9d060: 0000 00c5 | 7b10 8424 | 9000 0000 | c5fb 10bc | 2488 0000 | 00c5 fb10 | b424 8000 | 0000 c5fb 
  0x0000020821a9d080: 106c 2478 | c5fb 1064 | 2470 c5fb | 105c 2468 | c5fb 1054 | 2460 c5fb | 104c 2458 | c5fb 1044 
  0x0000020821a9d0a0: 2450 4c8b | 5c24 404c | 8b54 2438 | 4c8b 4c24 | 304c 8b44 | 2428 488b | 7c24 2048 | 8b74 2418 
  0x0000020821a9d0c0: 488b 5424 | 1048 8b4c | 2408 488b | 0424 4881 | c4d0 0000 | 00c5 f877 | 4889 4510 | 4883 ec10 
  0x0000020821a9d0e0: 4889 0424 | 48c7 4424 | 0800 0000 | 0041 83bf | c804 0000 | 020f 85bf | 0000 0048 | 81ec 8000 
  0x0000020821a9d100: 0000 4889 | 4424 7848 | 894c 2470 | 4889 5424 | 6848 895c | 2460 4889 | 6c24 5048 | 8974 2448 
  0x0000020821a9d120: 4889 7c24 | 404c 8944 | 2438 4c89 | 4c24 304c | 8954 2428 | 4c89 5c24 | 204c 8964 | 2418 4c89 
  0x0000020821a9d140: 6c24 104c | 8974 2408 | 4c89 3c24 | 4c8b e448 | 83ec 2048 | 83e4 f048 | b8b0 2073 | 9fff 7f00 
  0x0000020821a9d160: 00ff d049 | 8be4 4c8b | 3c24 4c8b | 7424 084c | 8b6c 2410 | 4c8b 6424 | 184c 8b5c | 2420 4c8b 
  0x0000020821a9d180: 5424 284c | 8b4c 2430 | 4c8b 4424 | 3848 8b7c | 2440 488b | 7424 4848 | 8b6c 2450 | 488b 5c24 
  0x0000020821a9d1a0: 6048 8b54 | 2468 488b | 4c24 7048 | 8b44 2478 | 4881 c480 | 0000 004d | 33e4 488b | 5de8 4c8b 
  0x0000020821a9d1c0: 6b08 4d8d | 6d38 4983 | 7f08 000f | 84bb 0000 | 00e8 0500 | 0000 e996 | 0000 0048 | 8d44 2408 
  0x0000020821a9d1e0: 4c89 6dc0 | 498b cfc5 | f877 4989 | afa8 0300 | 0049 8987 | 9803 0000 | 4883 ec20 | 40f6 c40f 
  0x0000020821a9d200: 0f84 1900 | 0000 4883 | ec08 48b8 | 4081 3d9f | ff7f 0000 | ffd0 4883 | c408 e90c | 0000 0048 
  0x0000020821a9d220: b840 813d | 9fff 7f00 | 00ff d048 | 83c4 2049 | c787 9803 | 0000 0000 | 0000 49c7 | 87a8 0300 
  0x0000020821a9d240: 0000 0000 | 0049 c787 | a003 0000 | 0000 0000 | c5f8 7749 | 837f 0800 | 0f84 0500 | 0000 e99d 
  0x0000020821a9d260: 3cff ff4c | 8b6d c04c | 8b75 c84e | 8d74 f500 | c348 b9c0 | 179a 9fff | 7f00 0048 | 83e4 f048 
  0x0000020821a9d280: b8e0 0c62 | 9fff 7f00 | 00ff d0f4 | 448b 5b28 | 41f6 c320 | 0f84 4401 | 0000 488d | 55a8 4c8b 
  0x0000020821a9d2a0: 5a08 4d85 | db0f 85bb | 0000 00e8 | 0500 0000 | e996 0000 | 0048 8d44 | 2408 4c89 | 6dc0 498b 
  0x0000020821a9d2c0: cfc5 f877 | 4989 afa8 | 0300 0049 | 8987 9803 | 0000 4883 | ec20 40f6 | c40f 0f84 | 1900 0000 
  0x0000020821a9d2e0: 4883 ec08 | 48b8 7080 | 3d9f ff7f | 0000 ffd0 | 4883 c408 | e90c 0000 | 0048 b870 | 803d 9fff 
  0x0000020821a9d300: 7f00 00ff | d048 83c4 | 2049 c787 | 9803 0000 | 0000 0000 | 49c7 87a8 | 0300 0000 | 0000 0049 
  0x0000020821a9d320: c787 a003 | 0000 0000 | 0000 c5f8 | 7749 837f | 0800 0f84 | 0500 0000 | e9c3 3bff | ff4c 8b6d 
  0x0000020821a9d340: c04c 8b75 | c84e 8d74 | f500 c348 | b9c0 179a | 9fff 7f00 | 0048 83e4 | f048 b8e0 | 0c62 9fff 
  0x0000020821a9d360: 7f00 00ff | d0f4 4c89 | 6dc0 488d | 024c 8b4a | 0848 c742 | 0800 0000 | 004c 8b00 | 4d85 c00f 
  0x0000020821a9d380: 840b 0000 | 00f0 4d0f | b101 0f85 | 0c00 0000 | 49ff 8f50 | 0500 00e9 | 3e00 0000 | 4c89 4a08 
  0x0000020821a9d3a0: 488b ca48 | 83ec 2040 | f6c4 0f0f | 8419 0000 | 0048 83ec | 0848 b8a0 | 533d 9fff | 7f00 00ff 
  0x0000020821a9d3c0: d048 83c4 | 08e9 0c00 | 0000 48b8 | a053 3d9f | ff7f 0000 | ffd0 4883 | c420 4c8b | 6dc0 49ba 
  0x0000020821a9d3e0: 1905 c29f | ff7f 0000 | 4180 3a00 | 0f84 3e00 | 0000 488b | 55e8 498b | cf48 83ec | 2040 f6c4 
  0x0000020821a9d400: 0f0f 8419 | 0000 0048 | 83ec 0848 | b880 e872 | 9fff 7f00 | 00ff d048 | 83c4 08e9 | 0c00 0000 
  0x0000020821a9d420: 48b8 80e8 | 729f ff7f | 0000 ffd0 | 4883 c420 | 488b 0424 | 4883 c410 | c5fb 1004 | 2448 83c4 
  0x0000020821a9d440: 104c 8b5d | 1841 ffd3 | 4c8b 5df8 | c95f 498b | e3ff e7ba | 0000 0000 | e805 0000 | 00e9 9600 
  0x0000020821a9d460: 0000 488d | 4424 084c | 896d c049 | 8bcf c5f8 | 7749 89af | a803 0000 | 4989 8798 | 0300 0048 
  0x0000020821a9d480: 83ec 2040 | f6c4 0f0f | 8419 0000 | 0048 83ec | 0848 b870 | 473d 9fff | 7f00 00ff | d048 83c4 
  0x0000020821a9d4a0: 08e9 0c00 | 0000 48b8 | 7047 3d9f | ff7f 0000 | ffd0 4883 | c420 49c7 | 8798 0300 | 0000 0000 
  0x0000020821a9d4c0: 0049 c787 | a803 0000 | 0000 0000 | 49c7 87a0 | 0300 0000 | 0000 00c5 | f877 4983 | 7f08 000f 
  0x0000020821a9d4e0: 8405 0000 | 00e9 163a | ffff 4c8b | 6dc0 4c8b | 75c8 4e8d | 74f5 00c3 | 488b 5de8 | e95b f6ff 
  0x0000020821a9d500: ff0f 1f80 | 0000 0000 
[/MachCode]

---------------  P R O C E S S  ---------------

Threads class SMR info:
_java_thread_list=0x000002087726c1a0, length=12, elements={
0x0000020810781a90, 0x0000020831e33370, 0x0000020831e362a0, 0x0000020831e3a590,
0x0000020831e3b350, 0x0000020831e3bdb0, 0x0000020831e48130, 0x0000020831e4aed0,
0x0000020831e4b970, 0x00000208770eab90, 0x00000208770eb8b0, 0x00000208770eb220
}

Java Threads: ( => current thread )
=>0x0000020810781a90 JavaThread "main"                              [_thread_in_vm, id=9892, stack(0x0000001fcc500000,0x0000001fcc600000) (1024K)]
  0x0000020831e33370 JavaThread "Reference Handler"          daemon [_thread_blocked, id=4408, stack(0x0000001fccd00000,0x0000001fcce00000) (1024K)]
  0x0000020831e362a0 JavaThread "Finalizer"                  daemon [_thread_blocked, id=7872, stack(0x0000001fcce00000,0x0000001fccf00000) (1024K)]
  0x0000020831e3a590 JavaThread "Signal Dispatcher"          daemon [_thread_blocked, id=4868, stack(0x0000001fccf00000,0x0000001fcd000000) (1024K)]
  0x0000020831e3b350 JavaThread "Attach Listener"            daemon [_thread_blocked, id=7876, stack(0x0000001fcd000000,0x0000001fcd100000) (1024K)]
  0x0000020831e3bdb0 JavaThread "Service Thread"             daemon [_thread_blocked, id=6068, stack(0x0000001fcd100000,0x0000001fcd200000) (1024K)]
  0x0000020831e48130 JavaThread "Monitor Deflation Thread"   daemon [_thread_blocked, id=3568, stack(0x0000001fcd200000,0x0000001fcd300000) (1024K)]
  0x0000020831e4aed0 JavaThread "C2 CompilerThread0"         daemon [_thread_blocked, id=13228, stack(0x0000001fcd300000,0x0000001fcd400000) (1024K)]
  0x0000020831e4b970 JavaThread "C1 CompilerThread0"         daemon [_thread_blocked, id=3188, stack(0x0000001fcd400000,0x0000001fcd500000) (1024K)]
  0x00000208770eab90 JavaThread "Common-Cleaner"             daemon [_thread_blocked, id=12440, stack(0x0000001fcd500000,0x0000001fcd600000) (1024K)]
  0x00000208770eb8b0 JavaThread "Monitor Ctrl-Break"         daemon [_thread_in_native, id=10056, stack(0x0000001fcd600000,0x0000001fcd700000) (1024K)]
  0x00000208770eb220 JavaThread "Notification Thread"        daemon [_thread_blocked, id=16488, stack(0x0000001fcd700000,0x0000001fcd800000) (1024K)]
Total: 12

Other Threads:
  0x0000020831e12d60 VMThread "VM Thread"                           [id=12068, stack(0x0000001fccc00000,0x0000001fccd00000) (1024K)]
  0x0000020831df95d0 WatcherThread "VM Periodic Task Thread"        [id=7064, stack(0x0000001fccb00000,0x0000001fccc00000) (1024K)]
  0x000002081096cdf0 WorkerThread "GC Thread#0"                     [id=12272, stack(0x0000001fcc600000,0x0000001fcc700000) (1024K)]
  0x000002081097dd40 ConcurrentGCThread "G1 Main Marker"            [id=5608, stack(0x0000001fcc700000,0x0000001fcc800000) (1024K)]
  0x0000020810980ff0 WorkerThread "G1 Conc#0"                       [id=13268, stack(0x0000001fcc800000,0x0000001fcc900000) (1024K)]
  0x0000020831ccf5c0 ConcurrentGCThread "G1 Refine#0"               [id=11564, stack(0x0000001fcc900000,0x0000001fcca00000) (1024K)]
  0x0000020831ccfde0 ConcurrentGCThread "G1 Service"                [id=14800, stack(0x0000001fcca00000,0x0000001fccb00000) (1024K)]
Total: 7

Threads with active compile tasks:
Total: 0

VM state: not at safepoint (normal execution)

VM Mutex/Monitor currently owned by a thread: None

Heap address: 0x0000000702400000, size: 4060 MB, Compressed Oops mode: Zero based, Oop shift amount: 3

CDS archive(s) mapped at: [0x0000020832000000-0x0000020832c90000-0x0000020832c90000), size 13172736, SharedBaseAddress: 0x0000020832000000, ArchiveRelocationMode: 1.
Compressed class space mapped at: 0x0000020833000000-0x0000020873000000, reserved size: 1073741824
Narrow klass base: 0x0000020832000000, Narrow klass shift: 0, Narrow klass range: 0x100000000

GC Precious Log:
 CardTable entry size: 512
 Card Set container configuration: InlinePtr #cards 4 size 8 Array Of Cards #cards 16 size 48 Howl #buckets 8 coarsen threshold 3686 Howl Bitmap #cards 512 size 80 coarsen threshold 460 Card regions per heap region 1 cards per card region 4096
 CPUs: 12 total, 12 available
 Memory: 16236M
 Large Page Support: Disabled
 NUMA Support: Disabled
 Compressed Oops: Enabled (Zero based)
 Heap Region Size: 2M
 Heap Min Capacity: 8M
 Heap Initial Capacity: 254M
 Heap Max Capacity: 4060M
 Pre-touch: Disabled
 Parallel Workers: 10
 Concurrent Workers: 3
 Concurrent Refinement Workers: 10
 Periodic GC: Disabled

Heap:
 garbage-first heap   total 260096K, used 2048K [0x0000000702400000, 0x0000000800000000)
  region size 2048K, 2 young (4096K), 0 survivors (0K)
 Metaspace       used 858K, committed 960K, reserved 1114112K
  class space    used 68K, committed 128K, reserved 1048576K

Heap Regions: E=young(eden), S=young(survivor), O=old, HS=humongous(starts), HC=humongous(continues), CS=collection set, F=free, TAMS=top-at-mark-start, PB=parsable bottom
|   0|0x0000000702400000, 0x0000000702400000, 0x0000000702600000|  0%| F|  |TAMS 0x0000000702400000| PB 0x0000000702400000| Untracked 
|   1|0x0000000702600000, 0x0000000702600000, 0x0000000702800000|  0%| F|  |TAMS 0x0000000702600000| PB 0x0000000702600000| Untracked 
|   2|0x0000000702800000, 0x0000000702800000, 0x0000000702a00000|  0%| F|  |TAMS 0x0000000702800000| PB 0x0000000702800000| Untracked 
|   3|0x0000000702a00000, 0x0000000702a00000, 0x0000000702c00000|  0%| F|  |TAMS 0x0000000702a00000| PB 0x0000000702a00000| Untracked 
|   4|0x0000000702c00000, 0x0000000702c00000, 0x0000000702e00000|  0%| F|  |TAMS 0x0000000702c00000| PB 0x0000000702c00000| Untracked 
|   5|0x0000000702e00000, 0x0000000702e00000, 0x0000000703000000|  0%| F|  |TAMS 0x0000000702e00000| PB 0x0000000702e00000| Untracked 
|   6|0x0000000703000000, 0x0000000703000000, 0x0000000703200000|  0%| F|  |TAMS 0x0000000703000000| PB 0x0000000703000000| Untracked 
|   7|0x0000000703200000, 0x0000000703200000, 0x0000000703400000|  0%| F|  |TAMS 0x0000000703200000| PB 0x0000000703200000| Untracked 
|   8|0x0000000703400000, 0x0000000703400000, 0x0000000703600000|  0%| F|  |TAMS 0x0000000703400000| PB 0x0000000703400000| Untracked 
|   9|0x0000000703600000, 0x0000000703600000, 0x0000000703800000|  0%| F|  |TAMS 0x0000000703600000| PB 0x0000000703600000| Untracked 
|  10|0x0000000703800000, 0x0000000703800000, 0x0000000703a00000|  0%| F|  |TAMS 0x0000000703800000| PB 0x0000000703800000| Untracked 
|  11|0x0000000703a00000, 0x0000000703a00000, 0x0000000703c00000|  0%| F|  |TAMS 0x0000000703a00000| PB 0x0000000703a00000| Untracked 
|  12|0x0000000703c00000, 0x0000000703c00000, 0x0000000703e00000|  0%| F|  |TAMS 0x0000000703c00000| PB 0x0000000703c00000| Untracked 
|  13|0x0000000703e00000, 0x0000000703e00000, 0x0000000704000000|  0%| F|  |TAMS 0x0000000703e00000| PB 0x0000000703e00000| Untracked 
|  14|0x0000000704000000, 0x0000000704000000, 0x0000000704200000|  0%| F|  |TAMS 0x0000000704000000| PB 0x0000000704000000| Untracked 
|  15|0x0000000704200000, 0x0000000704200000, 0x0000000704400000|  0%| F|  |TAMS 0x0000000704200000| PB 0x0000000704200000| Untracked 
|  16|0x0000000704400000, 0x0000000704400000, 0x0000000704600000|  0%| F|  |TAMS 0x0000000704400000| PB 0x0000000704400000| Untracked 
|  17|0x0000000704600000, 0x0000000704600000, 0x0000000704800000|  0%| F|  |TAMS 0x0000000704600000| PB 0x0000000704600000| Untracked 
|  18|0x0000000704800000, 0x0000000704800000, 0x0000000704a00000|  0%| F|  |TAMS 0x0000000704800000| PB 0x0000000704800000| Untracked 
|  19|0x0000000704a00000, 0x0000000704a00000, 0x0000000704c00000|  0%| F|  |TAMS 0x0000000704a00000| PB 0x0000000704a00000| Untracked 
|  20|0x0000000704c00000, 0x0000000704c00000, 0x0000000704e00000|  0%| F|  |TAMS 0x0000000704c00000| PB 0x0000000704c00000| Untracked 
|  21|0x0000000704e00000, 0x0000000704e00000, 0x0000000705000000|  0%| F|  |TAMS 0x0000000704e00000| PB 0x0000000704e00000| Untracked 
|  22|0x0000000705000000, 0x0000000705000000, 0x0000000705200000|  0%| F|  |TAMS 0x0000000705000000| PB 0x0000000705000000| Untracked 
|  23|0x0000000705200000, 0x0000000705200000, 0x0000000705400000|  0%| F|  |TAMS 0x0000000705200000| PB 0x0000000705200000| Untracked 
|  24|0x0000000705400000, 0x0000000705400000, 0x0000000705600000|  0%| F|  |TAMS 0x0000000705400000| PB 0x0000000705400000| Untracked 
|  25|0x0000000705600000, 0x0000000705600000, 0x0000000705800000|  0%| F|  |TAMS 0x0000000705600000| PB 0x0000000705600000| Untracked 
|  26|0x0000000705800000, 0x0000000705800000, 0x0000000705a00000|  0%| F|  |TAMS 0x0000000705800000| PB 0x0000000705800000| Untracked 
|  27|0x0000000705a00000, 0x0000000705a00000, 0x0000000705c00000|  0%| F|  |TAMS 0x0000000705a00000| PB 0x0000000705a00000| Untracked 
|  28|0x0000000705c00000, 0x0000000705c00000, 0x0000000705e00000|  0%| F|  |TAMS 0x0000000705c00000| PB 0x0000000705c00000| Untracked 
|  29|0x0000000705e00000, 0x0000000705e00000, 0x0000000706000000|  0%| F|  |TAMS 0x0000000705e00000| PB 0x0000000705e00000| Untracked 
|  30|0x0000000706000000, 0x0000000706000000, 0x0000000706200000|  0%| F|  |TAMS 0x0000000706000000| PB 0x0000000706000000| Untracked 
|  31|0x0000000706200000, 0x0000000706200000, 0x0000000706400000|  0%| F|  |TAMS 0x0000000706200000| PB 0x0000000706200000| Untracked 
|  32|0x0000000706400000, 0x0000000706400000, 0x0000000706600000|  0%| F|  |TAMS 0x0000000706400000| PB 0x0000000706400000| Untracked 
|  33|0x0000000706600000, 0x0000000706600000, 0x0000000706800000|  0%| F|  |TAMS 0x0000000706600000| PB 0x0000000706600000| Untracked 
|  34|0x0000000706800000, 0x0000000706800000, 0x0000000706a00000|  0%| F|  |TAMS 0x0000000706800000| PB 0x0000000706800000| Untracked 
|  35|0x0000000706a00000, 0x0000000706a00000, 0x0000000706c00000|  0%| F|  |TAMS 0x0000000706a00000| PB 0x0000000706a00000| Untracked 
|  36|0x0000000706c00000, 0x0000000706c00000, 0x0000000706e00000|  0%| F|  |TAMS 0x0000000706c00000| PB 0x0000000706c00000| Untracked 
|  37|0x0000000706e00000, 0x0000000706e00000, 0x0000000707000000|  0%| F|  |TAMS 0x0000000706e00000| PB 0x0000000706e00000| Untracked 
|  38|0x0000000707000000, 0x0000000707000000, 0x0000000707200000|  0%| F|  |TAMS 0x0000000707000000| PB 0x0000000707000000| Untracked 
|  39|0x0000000707200000, 0x0000000707200000, 0x0000000707400000|  0%| F|  |TAMS 0x0000000707200000| PB 0x0000000707200000| Untracked 
|  40|0x0000000707400000, 0x0000000707400000, 0x0000000707600000|  0%| F|  |TAMS 0x0000000707400000| PB 0x0000000707400000| Untracked 
|  41|0x0000000707600000, 0x0000000707600000, 0x0000000707800000|  0%| F|  |TAMS 0x0000000707600000| PB 0x0000000707600000| Untracked 
|  42|0x0000000707800000, 0x0000000707800000, 0x0000000707a00000|  0%| F|  |TAMS 0x0000000707800000| PB 0x0000000707800000| Untracked 
|  43|0x0000000707a00000, 0x0000000707a00000, 0x0000000707c00000|  0%| F|  |TAMS 0x0000000707a00000| PB 0x0000000707a00000| Untracked 
|  44|0x0000000707c00000, 0x0000000707c00000, 0x0000000707e00000|  0%| F|  |TAMS 0x0000000707c00000| PB 0x0000000707c00000| Untracked 
|  45|0x0000000707e00000, 0x0000000707e00000, 0x0000000708000000|  0%| F|  |TAMS 0x0000000707e00000| PB 0x0000000707e00000| Untracked 
|  46|0x0000000708000000, 0x0000000708000000, 0x0000000708200000|  0%| F|  |TAMS 0x0000000708000000| PB 0x0000000708000000| Untracked 
|  47|0x0000000708200000, 0x0000000708200000, 0x0000000708400000|  0%| F|  |TAMS 0x0000000708200000| PB 0x0000000708200000| Untracked 
|  48|0x0000000708400000, 0x0000000708400000, 0x0000000708600000|  0%| F|  |TAMS 0x0000000708400000| PB 0x0000000708400000| Untracked 
|  49|0x0000000708600000, 0x0000000708600000, 0x0000000708800000|  0%| F|  |TAMS 0x0000000708600000| PB 0x0000000708600000| Untracked 
|  50|0x0000000708800000, 0x0000000708800000, 0x0000000708a00000|  0%| F|  |TAMS 0x0000000708800000| PB 0x0000000708800000| Untracked 
|  51|0x0000000708a00000, 0x0000000708a00000, 0x0000000708c00000|  0%| F|  |TAMS 0x0000000708a00000| PB 0x0000000708a00000| Untracked 
|  52|0x0000000708c00000, 0x0000000708c00000, 0x0000000708e00000|  0%| F|  |TAMS 0x0000000708c00000| PB 0x0000000708c00000| Untracked 
|  53|0x0000000708e00000, 0x0000000708e00000, 0x0000000709000000|  0%| F|  |TAMS 0x0000000708e00000| PB 0x0000000708e00000| Untracked 
|  54|0x0000000709000000, 0x0000000709000000, 0x0000000709200000|  0%| F|  |TAMS 0x0000000709000000| PB 0x0000000709000000| Untracked 
|  55|0x0000000709200000, 0x0000000709200000, 0x0000000709400000|  0%| F|  |TAMS 0x0000000709200000| PB 0x0000000709200000| Untracked 
|  56|0x0000000709400000, 0x0000000709400000, 0x0000000709600000|  0%| F|  |TAMS 0x0000000709400000| PB 0x0000000709400000| Untracked 
|  57|0x0000000709600000, 0x0000000709600000, 0x0000000709800000|  0%| F|  |TAMS 0x0000000709600000| PB 0x0000000709600000| Untracked 
|  58|0x0000000709800000, 0x0000000709800000, 0x0000000709a00000|  0%| F|  |TAMS 0x0000000709800000| PB 0x0000000709800000| Untracked 
|  59|0x0000000709a00000, 0x0000000709a00000, 0x0000000709c00000|  0%| F|  |TAMS 0x0000000709a00000| PB 0x0000000709a00000| Untracked 
|  60|0x0000000709c00000, 0x0000000709c00000, 0x0000000709e00000|  0%| F|  |TAMS 0x0000000709c00000| PB 0x0000000709c00000| Untracked 
|  61|0x0000000709e00000, 0x0000000709e00000, 0x000000070a000000|  0%| F|  |TAMS 0x0000000709e00000| PB 0x0000000709e00000| Untracked 
|  62|0x000000070a000000, 0x000000070a000000, 0x000000070a200000|  0%| F|  |TAMS 0x000000070a000000| PB 0x000000070a000000| Untracked 
|  63|0x000000070a200000, 0x000000070a200000, 0x000000070a400000|  0%| F|  |TAMS 0x000000070a200000| PB 0x000000070a200000| Untracked 
|  64|0x000000070a400000, 0x000000070a400000, 0x000000070a600000|  0%| F|  |TAMS 0x000000070a400000| PB 0x000000070a400000| Untracked 
|  65|0x000000070a600000, 0x000000070a600000, 0x000000070a800000|  0%| F|  |TAMS 0x000000070a600000| PB 0x000000070a600000| Untracked 
|  66|0x000000070a800000, 0x000000070a800000, 0x000000070aa00000|  0%| F|  |TAMS 0x000000070a800000| PB 0x000000070a800000| Untracked 
|  67|0x000000070aa00000, 0x000000070aa00000, 0x000000070ac00000|  0%| F|  |TAMS 0x000000070aa00000| PB 0x000000070aa00000| Untracked 
|  68|0x000000070ac00000, 0x000000070ac00000, 0x000000070ae00000|  0%| F|  |TAMS 0x000000070ac00000| PB 0x000000070ac00000| Untracked 
|  69|0x000000070ae00000, 0x000000070ae00000, 0x000000070b000000|  0%| F|  |TAMS 0x000000070ae00000| PB 0x000000070ae00000| Untracked 
|  70|0x000000070b000000, 0x000000070b000000, 0x000000070b200000|  0%| F|  |TAMS 0x000000070b000000| PB 0x000000070b000000| Untracked 
|  71|0x000000070b200000, 0x000000070b200000, 0x000000070b400000|  0%| F|  |TAMS 0x000000070b200000| PB 0x000000070b200000| Untracked 
|  72|0x000000070b400000, 0x000000070b400000, 0x000000070b600000|  0%| F|  |TAMS 0x000000070b400000| PB 0x000000070b400000| Untracked 
|  73|0x000000070b600000, 0x000000070b600000, 0x000000070b800000|  0%| F|  |TAMS 0x000000070b600000| PB 0x000000070b600000| Untracked 
|  74|0x000000070b800000, 0x000000070b800000, 0x000000070ba00000|  0%| F|  |TAMS 0x000000070b800000| PB 0x000000070b800000| Untracked 
|  75|0x000000070ba00000, 0x000000070ba00000, 0x000000070bc00000|  0%| F|  |TAMS 0x000000070ba00000| PB 0x000000070ba00000| Untracked 
|  76|0x000000070bc00000, 0x000000070bc00000, 0x000000070be00000|  0%| F|  |TAMS 0x000000070bc00000| PB 0x000000070bc00000| Untracked 
|  77|0x000000070be00000, 0x000000070be00000, 0x000000070c000000|  0%| F|  |TAMS 0x000000070be00000| PB 0x000000070be00000| Untracked 
|  78|0x000000070c000000, 0x000000070c000000, 0x000000070c200000|  0%| F|  |TAMS 0x000000070c000000| PB 0x000000070c000000| Untracked 
|  79|0x000000070c200000, 0x000000070c200000, 0x000000070c400000|  0%| F|  |TAMS 0x000000070c200000| PB 0x000000070c200000| Untracked 
|  80|0x000000070c400000, 0x000000070c400000, 0x000000070c600000|  0%| F|  |TAMS 0x000000070c400000| PB 0x000000070c400000| Untracked 
|  81|0x000000070c600000, 0x000000070c600000, 0x000000070c800000|  0%| F|  |TAMS 0x000000070c600000| PB 0x000000070c600000| Untracked 
|  82|0x000000070c800000, 0x000000070c800000, 0x000000070ca00000|  0%| F|  |TAMS 0x000000070c800000| PB 0x000000070c800000| Untracked 
|  83|0x000000070ca00000, 0x000000070ca00000, 0x000000070cc00000|  0%| F|  |TAMS 0x000000070ca00000| PB 0x000000070ca00000| Untracked 
|  84|0x000000070cc00000, 0x000000070cc00000, 0x000000070ce00000|  0%| F|  |TAMS 0x000000070cc00000| PB 0x000000070cc00000| Untracked 
|  85|0x000000070ce00000, 0x000000070ce00000, 0x000000070d000000|  0%| F|  |TAMS 0x000000070ce00000| PB 0x000000070ce00000| Untracked 
|  86|0x000000070d000000, 0x000000070d000000, 0x000000070d200000|  0%| F|  |TAMS 0x000000070d000000| PB 0x000000070d000000| Untracked 
|  87|0x000000070d200000, 0x000000070d200000, 0x000000070d400000|  0%| F|  |TAMS 0x000000070d200000| PB 0x000000070d200000| Untracked 
|  88|0x000000070d400000, 0x000000070d400000, 0x000000070d600000|  0%| F|  |TAMS 0x000000070d400000| PB 0x000000070d400000| Untracked 
|  89|0x000000070d600000, 0x000000070d600000, 0x000000070d800000|  0%| F|  |TAMS 0x000000070d600000| PB 0x000000070d600000| Untracked 
|  90|0x000000070d800000, 0x000000070d800000, 0x000000070da00000|  0%| F|  |TAMS 0x000000070d800000| PB 0x000000070d800000| Untracked 
|  91|0x000000070da00000, 0x000000070da00000, 0x000000070dc00000|  0%| F|  |TAMS 0x000000070da00000| PB 0x000000070da00000| Untracked 
|  92|0x000000070dc00000, 0x000000070dc00000, 0x000000070de00000|  0%| F|  |TAMS 0x000000070dc00000| PB 0x000000070dc00000| Untracked 
|  93|0x000000070de00000, 0x000000070de00000, 0x000000070e000000|  0%| F|  |TAMS 0x000000070de00000| PB 0x000000070de00000| Untracked 
|  94|0x000000070e000000, 0x000000070e000000, 0x000000070e200000|  0%| F|  |TAMS 0x000000070e000000| PB 0x000000070e000000| Untracked 
|  95|0x000000070e200000, 0x000000070e200000, 0x000000070e400000|  0%| F|  |TAMS 0x000000070e200000| PB 0x000000070e200000| Untracked 
|  96|0x000000070e400000, 0x000000070e400000, 0x000000070e600000|  0%| F|  |TAMS 0x000000070e400000| PB 0x000000070e400000| Untracked 
|  97|0x000000070e600000, 0x000000070e600000, 0x000000070e800000|  0%| F|  |TAMS 0x000000070e600000| PB 0x000000070e600000| Untracked 
|  98|0x000000070e800000, 0x000000070e800000, 0x000000070ea00000|  0%| F|  |TAMS 0x000000070e800000| PB 0x000000070e800000| Untracked 
|  99|0x000000070ea00000, 0x000000070ea00000, 0x000000070ec00000|  0%| F|  |TAMS 0x000000070ea00000| PB 0x000000070ea00000| Untracked 
| 100|0x000000070ec00000, 0x000000070ec00000, 0x000000070ee00000|  0%| F|  |TAMS 0x000000070ec00000| PB 0x000000070ec00000| Untracked 
| 101|0x000000070ee00000, 0x000000070ee00000, 0x000000070f000000|  0%| F|  |TAMS 0x000000070ee00000| PB 0x000000070ee00000| Untracked 
| 102|0x000000070f000000, 0x000000070f000000, 0x000000070f200000|  0%| F|  |TAMS 0x000000070f000000| PB 0x000000070f000000| Untracked 
| 103|0x000000070f200000, 0x000000070f200000, 0x000000070f400000|  0%| F|  |TAMS 0x000000070f200000| PB 0x000000070f200000| Untracked 
| 104|0x000000070f400000, 0x000000070f400000, 0x000000070f600000|  0%| F|  |TAMS 0x000000070f400000| PB 0x000000070f400000| Untracked 
| 105|0x000000070f600000, 0x000000070f600000, 0x000000070f800000|  0%| F|  |TAMS 0x000000070f600000| PB 0x000000070f600000| Untracked 
| 106|0x000000070f800000, 0x000000070f800000, 0x000000070fa00000|  0%| F|  |TAMS 0x000000070f800000| PB 0x000000070f800000| Untracked 
| 107|0x000000070fa00000, 0x000000070fa00000, 0x000000070fc00000|  0%| F|  |TAMS 0x000000070fa00000| PB 0x000000070fa00000| Untracked 
| 108|0x000000070fc00000, 0x000000070fc00000, 0x000000070fe00000|  0%| F|  |TAMS 0x000000070fc00000| PB 0x000000070fc00000| Untracked 
| 109|0x000000070fe00000, 0x000000070fe00000, 0x0000000710000000|  0%| F|  |TAMS 0x000000070fe00000| PB 0x000000070fe00000| Untracked 
| 110|0x0000000710000000, 0x0000000710000000, 0x0000000710200000|  0%| F|  |TAMS 0x0000000710000000| PB 0x0000000710000000| Untracked 
| 111|0x0000000710200000, 0x0000000710200000, 0x0000000710400000|  0%| F|  |TAMS 0x0000000710200000| PB 0x0000000710200000| Untracked 
| 112|0x0000000710400000, 0x0000000710400000, 0x0000000710600000|  0%| F|  |TAMS 0x0000000710400000| PB 0x0000000710400000| Untracked 
| 113|0x0000000710600000, 0x0000000710600000, 0x0000000710800000|  0%| F|  |TAMS 0x0000000710600000| PB 0x0000000710600000| Untracked 
| 114|0x0000000710800000, 0x0000000710800000, 0x0000000710a00000|  0%| F|  |TAMS 0x0000000710800000| PB 0x0000000710800000| Untracked 
| 115|0x0000000710a00000, 0x0000000710a00000, 0x0000000710c00000|  0%| F|  |TAMS 0x0000000710a00000| PB 0x0000000710a00000| Untracked 
| 116|0x0000000710c00000, 0x0000000710c00000, 0x0000000710e00000|  0%| F|  |TAMS 0x0000000710c00000| PB 0x0000000710c00000| Untracked 
| 117|0x0000000710e00000, 0x0000000710e00000, 0x0000000711000000|  0%| F|  |TAMS 0x0000000710e00000| PB 0x0000000710e00000| Untracked 
| 118|0x0000000711000000, 0x0000000711000000, 0x0000000711200000|  0%| F|  |TAMS 0x0000000711000000| PB 0x0000000711000000| Untracked 
| 119|0x0000000711200000, 0x0000000711200000, 0x0000000711400000|  0%| F|  |TAMS 0x0000000711200000| PB 0x0000000711200000| Untracked 
| 120|0x0000000711400000, 0x0000000711400000, 0x0000000711600000|  0%| F|  |TAMS 0x0000000711400000| PB 0x0000000711400000| Untracked 
| 121|0x0000000711600000, 0x0000000711600000, 0x0000000711800000|  0%| F|  |TAMS 0x0000000711600000| PB 0x0000000711600000| Untracked 
| 122|0x0000000711800000, 0x0000000711800000, 0x0000000711a00000|  0%| F|  |TAMS 0x0000000711800000| PB 0x0000000711800000| Untracked 
| 123|0x0000000711a00000, 0x0000000711a00000, 0x0000000711c00000|  0%| F|  |TAMS 0x0000000711a00000| PB 0x0000000711a00000| Untracked 
| 124|0x0000000711c00000, 0x0000000711c00000, 0x0000000711e00000|  0%| F|  |TAMS 0x0000000711c00000| PB 0x0000000711c00000| Untracked 
| 125|0x0000000711e00000, 0x0000000712000000, 0x0000000712000000|100%| E|  |TAMS 0x0000000711e00000| PB 0x0000000711e00000| Complete 
| 126|0x0000000712000000, 0x0000000712200000, 0x0000000712200000|100%| E|CS|TAMS 0x0000000712000000| PB 0x0000000712000000| Complete 

Card table byte_map: [0x000002082a9e0000,0x000002082b1d0000] _byte_map_base: 0x00000208271ce000

Marking Bits: (CMBitMap*) 0x000002081096d4f0
 Bits: [0x000002082b1d0000, 0x000002082f140000)

Polling page: 0x00000208109e0000

Metaspace:

Usage:
  Non-class:    790.79 KB used.
      Class:     68.05 KB used.
       Both:    858.84 KB used.

Virtual space:
  Non-class space:       64.00 MB reserved,     832.00 KB (  1%) committed,  1 nodes.
      Class space:        1.00 GB reserved,     128.00 KB ( <1%) committed,  1 nodes.
             Both:        1.06 GB reserved,     960.00 KB ( <1%) committed. 

Chunk freelists:
   Non-Class:  11.96 MB
       Class:  15.73 MB
        Both:  27.69 MB

MaxMetaspaceSize: unlimited
CompressedClassSpaceSize: 1.00 GB
Initial GC threshold: 21.00 MB
Current GC threshold: 21.00 MB
CDS: on
 - commit_granule_bytes: 65536.
 - commit_granule_words: 8192.
 - virtual_space_node_default_size: 8388608.
 - enlarge_chunks_in_place: 1.
 - use_allocation_guard: 0.


Internal statistics:

num_allocs_failed_limit: 0.
num_arena_births: 26.
num_arena_deaths: 0.
num_vsnodes_births: 2.
num_vsnodes_deaths: 0.
num_space_committed: 15.
num_space_uncommitted: 0.
num_chunks_returned_to_freelist: 0.
num_chunks_taken_from_freelist: 32.
num_chunk_merges: 0.
num_chunk_splits: 21.
num_chunks_enlarged: 12.
num_inconsistent_stats: 0.

CodeHeap 'non-profiled nmethods': size=120000Kb used=83Kb max_used=83Kb free=119916Kb
 bounds [0x0000020822030000, 0x00000208222a0000, 0x0000020829560000]
CodeHeap 'profiled nmethods': size=120000Kb used=284Kb max_used=284Kb free=119715Kb
 bounds [0x000002081a560000, 0x000002081a7d0000, 0x0000020821a90000]
CodeHeap 'non-nmethods': size=5760Kb used=1311Kb max_used=1313Kb free=4448Kb
 bounds [0x0000020821a90000, 0x0000020821d00000, 0x0000020822030000]
 total_blobs=676 nmethods=253 adapters=328
 compilation: enabled
              stopped_count=0, restarted_count=0
 full_count=0

Compilation events (20 events):
Event: 0.087 Thread 0x0000020831e4b970  228       3       java.lang.StringBuilder::toString (9 bytes)
Event: 0.087 Thread 0x0000020831e4b970 nmethod 228 0x000002081a5a0b10 code [0x000002081a5a0cc0, 0x000002081a5a0ed0]
Event: 0.087 Thread 0x0000020831e4b970  237       1       java.lang.invoke.MethodTypeForm::erasedType (5 bytes)
Event: 0.087 Thread 0x0000020831e4b970 nmethod 237 0x0000020822042e10 code [0x0000020822042fa0, 0x0000020822043070]
Event: 0.087 Thread 0x0000020831e4b970  230       1       java.lang.invoke.MethodTypeForm::parameterSlotCount (5 bytes)
Event: 0.087 Thread 0x0000020831e4b970 nmethod 230 0x0000020822043110 code [0x00000208220432a0, 0x0000020822043368]
Event: 0.087 Thread 0x0000020831e4b970  238       1       java.io.File::getPath (5 bytes)
Event: 0.087 Thread 0x0000020831e4b970 nmethod 238 0x0000020822043410 code [0x00000208220435a0, 0x0000020822043670]
Event: 0.087 Thread 0x0000020831e4b970  239       3       java.util.Arrays::copyOf (33 bytes)
Event: 0.087 Thread 0x0000020831e4b970 nmethod 239 0x000002081a5a1010 code [0x000002081a5a1200, 0x000002081a5a1700]
Event: 0.090 Thread 0x0000020831e4b970  241       3       jdk.internal.misc.VM::isBooted (13 bytes)
Event: 0.090 Thread 0x0000020831e4b970 nmethod 241 0x000002081a5a1890 code [0x000002081a5a1a20, 0x000002081a5a1b78]
Event: 0.091 Thread 0x0000020831e4b970  243       3       java.lang.invoke.MethodType::checkPtypes (76 bytes)
Event: 0.091 Thread 0x0000020831e4b970 nmethod 243 0x000002081a5a1c10 code [0x000002081a5a1ea0, 0x000002081a5a2978]
Event: 0.092 Thread 0x0000020831e4b970  244       3       java.lang.StringLatin1::lastIndexOf (40 bytes)
Event: 0.092 Thread 0x0000020831e4aed0  246       4       java.util.Objects::requireNonNull (14 bytes)
Event: 0.092 Thread 0x0000020831e4b970 nmethod 244 0x000002081a5a2d90 code [0x000002081a5a2f60, 0x000002081a5a3368]
Event: 0.092 Thread 0x0000020831e4b970  245       3       jdk.internal.org.objectweb.asm.Symbol::<init> (38 bytes)
Event: 0.092 Thread 0x0000020831e4b970 nmethod 245 0x000002081a5a3510 code [0x000002081a5a36c0, 0x000002081a5a3970]
Event: 0.092 Thread 0x0000020831e4aed0 nmethod 246 0x0000020822044110 code [0x00000208220442a0, 0x0000020822044328]

GC Heap History (0 events):
No events

Dll operation events (8 events):
Event: 0.007 Loaded shared library C:\Users\lenovo\.jdks\openjdk-21\bin\java.dll
Event: 0.032 Loaded shared library C:\Users\lenovo\.jdks\openjdk-21\bin\jsvml.dll
Event: 0.062 Loaded shared library C:\Users\lenovo\.jdks\openjdk-21\bin\zip.dll
Event: 0.068 Loaded shared library C:\Users\lenovo\.jdks\openjdk-21\bin\instrument.dll
Event: 0.072 Loaded shared library C:\Users\lenovo\.jdks\openjdk-21\bin\net.dll
Event: 0.073 Loaded shared library C:\Users\lenovo\.jdks\openjdk-21\bin\nio.dll
Event: 0.076 Loaded shared library C:\Users\lenovo\.jdks\openjdk-21\bin\zip.dll
Event: 0.089 Loaded shared library D:\Dev\IntelliJ IDEA Ultimate 2\IntelliJ IDEA 2023.3.4\bin\breakgen64.dll

Deoptimization events (0 events):
No events

Classes loaded (20 events):
Event: 0.090 Loading class java/lang/invoke/VarHandleInts$FieldInstanceReadOnly
Event: 0.090 Loading class java/lang/invoke/VarHandleInts$FieldInstanceReadOnly done
Event: 0.090 Loading class java/lang/invoke/VarHandleInts$FieldInstanceReadWrite done
Event: 0.091 Loading class java/net/InetSocketAddress
Event: 0.091 Loading class sun/misc/Unsafe
Event: 0.091 Loading class java/net/SocketAddress
Event: 0.091 Loading class java/net/SocketAddress done
Event: 0.091 Loading class java/net/InetSocketAddress done
Event: 0.091 Loading class sun/misc/Unsafe done
Event: 0.091 Loading class java/lang/invoke/DirectMethodHandle$StaticAccessor
Event: 0.091 Loading class java/lang/invoke/DirectMethodHandle$StaticAccessor done
Event: 0.092 Loading class java/net/InetSocketAddress$InetSocketAddressHolder
Event: 0.092 Loading class java/net/InetSocketAddress$InetSocketAddressHolder done
Event: 0.092 Loading class java/net/SocketImpl
Event: 0.092 Loading class java/net/SocketOptions
Event: 0.092 Loading class java/net/SocketOptions done
Event: 0.092 Loading class java/net/SocketImpl done
Event: 0.092 Loading class sun/nio/ch/NioSocketImpl
Event: 0.092 Loading class sun/net/PlatformSocketImpl
Event: 0.092 Loading class sun/net/PlatformSocketImpl done

Classes unloaded (0 events):
No events

Classes redefined (0 events):
No events

Internal exceptions (2 events):
Event: 0.083 Thread 0x0000020810781a90 Exception <a 'java/lang/NoSuchMethodError'{0x0000000711f7ecc0}: 'void java.lang.invoke.DirectMethodHandle$Holder.invokeStatic(java.lang.Object, java.lang.Object, java.lang.Object)'> (0x0000000711f7ecc0) 
thrown [s\open\src\hotspot\share\interpreter\linkResolver.cpp, line 773]
Event: 0.086 Thread 0x0000020810781a90 Exception <a 'java/lang/NoSuchMethodError'{0x0000000711f961c8}: 'java.lang.Object java.lang.invoke.Invokers$Holder.invokeExact_MT(java.lang.Object, java.lang.Object, java.lang.Object, java.lang.Object, java.lang.Object)'> (0x0000000711f961c8) 
thrown [s\open\src\hotspot\share\interpreter\linkResolver.cpp, line 773]

ZGC Phase Switch (0 events):
No events

VM Operations (2 events):
Event: 0.054 Executing VM operation: HandshakeAllThreads (Deoptimize)
Event: 0.054 Executing VM operation: HandshakeAllThreads (Deoptimize) done

Events (12 events):
Event: 0.017 Thread 0x0000020810781a90 Thread added: 0x0000020810781a90
Event: 0.030 Thread 0x0000020831e33370 Thread added: 0x0000020831e33370
Event: 0.030 Thread 0x0000020831e362a0 Thread added: 0x0000020831e362a0
Event: 0.030 Thread 0x0000020831e3a590 Thread added: 0x0000020831e3a590
Event: 0.030 Thread 0x0000020831e3b350 Thread added: 0x0000020831e3b350
Event: 0.030 Thread 0x0000020831e3bdb0 Thread added: 0x0000020831e3bdb0
Event: 0.030 Thread 0x0000020831e48130 Thread added: 0x0000020831e48130
Event: 0.031 Thread 0x0000020831e4aed0 Thread added: 0x0000020831e4aed0
Event: 0.031 Thread 0x0000020831e4b970 Thread added: 0x0000020831e4b970
Event: 0.049 Thread 0x00000208770eab90 Thread added: 0x00000208770eab90
Event: 0.090 Thread 0x00000208770eb8b0 Thread added: 0x00000208770eb8b0
Event: 0.090 Thread 0x00000208770eb220 Thread added: 0x00000208770eb220


Dynamic libraries:
0x00007ff790cd0000 - 0x00007ff790cde000 	C:\Users\lenovo\.jdks\openjdk-21\bin\java.exe
0x00007ff812ed0000 - 0x00007ff8130c5000 	C:\Windows\SYSTEM32\ntdll.dll
0x00007ff811a60000 - 0x00007ff811b1d000 	C:\Windows\System32\KERNEL32.DLL
0x00007ff8109b0000 - 0x00007ff810c7d000 	C:\Windows\System32\KERNELBASE.dll
0x00007ff8107f0000 - 0x00007ff8108f0000 	C:\Windows\System32\ucrtbase.dll
0x00007fffe6ef0000 - 0x00007fffe6f0b000 	C:\Users\lenovo\.jdks\openjdk-21\bin\VCRUNTIME140.dll
0x00007fffe9f10000 - 0x00007fffe9f28000 	C:\Users\lenovo\.jdks\openjdk-21\bin\jli.dll
0x00007ff812bd0000 - 0x00007ff812d70000 	C:\Windows\System32\USER32.dll
0x00007ff8108f0000 - 0x00007ff810912000 	C:\Windows\System32\win32u.dll
0x00007ff811a20000 - 0x00007ff811a4a000 	C:\Windows\System32\GDI32.dll
0x00007ff810da0000 - 0x00007ff810eab000 	C:\Windows\System32\gdi32full.dll
0x00007ff805110000 - 0x00007ff8053aa000 	C:\Windows\WinSxS\amd64_microsoft.windows.common-controls_6595b64144ccf1df_6.0.19041.1110_none_60b5254171f9507e\COMCTL32.dll
0x00007ff810c80000 - 0x00007ff810d1d000 	C:\Windows\System32\msvcp_win.dll
0x00007ff810f20000 - 0x00007ff810fbe000 	C:\Windows\System32\msvcrt.dll
0x00007ff812e00000 - 0x00007ff812e30000 	C:\Windows\System32\IMM32.DLL
0x00007ffff1300000 - 0x00007ffff130c000 	C:\Users\lenovo\.jdks\openjdk-21\bin\vcruntime140_1.dll
0x00007fffc1d10000 - 0x00007fffc1d9e000 	C:\Users\lenovo\.jdks\openjdk-21\bin\msvcp140.dll
0x00007fff9f000000 - 0x00007fff9fd13000 	C:\Users\lenovo\.jdks\openjdk-21\bin\server\jvm.dll
0x00007ff811090000 - 0x00007ff81113e000 	C:\Windows\System32\ADVAPI32.dll
0x00007ff8121c0000 - 0x00007ff81225c000 	C:\Windows\System32\sechost.dll
0x00007ff812530000 - 0x00007ff812655000 	C:\Windows\System32\RPCRT4.dll
0x00007ff811bf0000 - 0x00007ff811c5b000 	C:\Windows\System32\WS2_32.dll
0x00007ff807780000 - 0x00007ff8077a7000 	C:\Windows\SYSTEM32\WINMM.dll
0x00007ff80ff90000 - 0x00007ff80ffdb000 	C:\Windows\SYSTEM32\POWRPROF.dll
0x00007ff809f80000 - 0x00007ff809f8a000 	C:\Windows\SYSTEM32\VERSION.dll
0x00007ff80ff00000 - 0x00007ff80ff12000 	C:\Windows\SYSTEM32\UMPDC.dll
0x00007ff80ee30000 - 0x00007ff80ee42000 	C:\Windows\SYSTEM32\kernel.appcore.dll
0x00007fffe9bb0000 - 0x00007fffe9bba000 	C:\Users\lenovo\.jdks\openjdk-21\bin\jimage.dll
0x00007ff804e60000 - 0x00007ff805044000 	C:\Windows\SYSTEM32\DBGHELP.DLL
0x00007ffffa7f0000 - 0x00007ffffa81c000 	C:\Windows\SYSTEM32\dbgcore.DLL
0x00007ff810920000 - 0x00007ff8109a2000 	C:\Windows\System32\bcryptPrimitives.dll
0x00007ff8083c0000 - 0x00007ff8083cf000 	C:\Users\lenovo\.jdks\openjdk-21\bin\instrument.dll
0x00007fffe6eb0000 - 0x00007fffe6ecf000 	C:\Users\lenovo\.jdks\openjdk-21\bin\java.dll
0x00007ff811270000 - 0x00007ff8119b4000 	C:\Windows\System32\SHELL32.dll
0x00007ff80e510000 - 0x00007ff80eca4000 	C:\Windows\SYSTEM32\windows.storage.dll
0x00007ff8126c0000 - 0x00007ff812a14000 	C:\Windows\System32\combase.dll
0x00007ff810040000 - 0x00007ff81006c000 	C:\Windows\SYSTEM32\Wldp.dll
0x00007ff811b40000 - 0x00007ff811bed000 	C:\Windows\System32\SHCORE.dll
0x00007ff812e30000 - 0x00007ff812e85000 	C:\Windows\System32\shlwapi.dll
0x00007ff810520000 - 0x00007ff81053f000 	C:\Windows\SYSTEM32\profapi.dll
0x00007fff9ed50000 - 0x00007fff9ee27000 	C:\Users\lenovo\.jdks\openjdk-21\bin\jsvml.dll
0x00007fffe4f20000 - 0x00007fffe4f38000 	C:\Users\lenovo\.jdks\openjdk-21\bin\zip.dll
0x00007fffe9a10000 - 0x00007fffe9a20000 	C:\Users\lenovo\.jdks\openjdk-21\bin\net.dll
0x00007ff807fc0000 - 0x00007ff8080ca000 	C:\Windows\SYSTEM32\WINHTTP.dll
0x00007ff80fce0000 - 0x00007ff80fd4a000 	C:\Windows\system32\mswsock.dll
0x00007fffe6850000 - 0x00007fffe6866000 	C:\Users\lenovo\.jdks\openjdk-21\bin\nio.dll
0x00007ffffe0f0000 - 0x00007ffffe10a000 	D:\Dev\IntelliJ IDEA Ultimate 2\IntelliJ IDEA 2023.3.4\bin\breakgen64.dll
0x00007fffe6410000 - 0x00007fffe6417000 	C:\Users\lenovo\.jdks\openjdk-21\bin\extnet.dll

dbghelp: loaded successfully - version: 4.0.5 - missing functions: none
symbol engine: initialized successfully - sym options: 0x614 - pdb path: .;C:\Users\lenovo\.jdks\openjdk-21\bin;C:\Windows\SYSTEM32;C:\Windows\WinSxS\amd64_microsoft.windows.common-controls_6595b64144ccf1df_6.0.19041.1110_none_60b5254171f9507e;C:\Users\lenovo\.jdks\openjdk-21\bin\server;D:\Dev\IntelliJ IDEA Ultimate 2\IntelliJ IDEA 2023.3.4\bin

VM Arguments:
jvm_args: --enable-preview -javaagent:D:\Dev\IntelliJ IDEA Ultimate 2\IntelliJ IDEA 2023.3.4\lib\idea_rt.jar=60772:D:\Dev\IntelliJ IDEA Ultimate 2\IntelliJ IDEA 2023.3.4\bin -Dfile.encoding=UTF-8 -Dsun.stdout.encoding=UTF-8 -Dsun.stderr.encoding=UTF-8 
java_command: io.goji.jav.jvm.Crash
java_class_path (initial): D:\CodeWorkSpace\Java\playground\out\production\playground;D:\maven-repo\org\junit\jupiter\junit-jupiter-engine\5.10.2\junit-jupiter-engine-5.10.2.jar;D:\maven-repo\org\junit\platform\junit-platform-engine\1.10.2\junit-platform-engine-1.10.2.jar;D:\maven-repo\org\opentest4j\opentest4j\1.3.0\opentest4j-1.3.0.jar;D:\maven-repo\org\junit\platform\junit-platform-commons\1.10.2\junit-platform-commons-1.10.2.jar;D:\maven-repo\org\junit\jupiter\junit-jupiter-api\5.10.2\junit-jupiter-api-5.10.2.jar;D:\maven-repo\org\apiguardian\apiguardian-api\1.1.2\apiguardian-api-1.1.2.jar;D:\maven-repo\org\slf4j\slf4j-api\2.0.12\slf4j-api-2.0.12.jar;D:\maven-repo\ch\qos\logback\logback-classic\1.4.14\logback-classic-1.4.14.jar;D:\maven-repo\ch\qos\logback\logback-core\1.4.14\logback-core-1.4.14.jar
Launcher Type: SUN_STANDARD

[Global flags]
     intx CICompilerCount                          = 4                                         {product} {ergonomic}
     uint ConcGCThreads                            = 3                                         {product} {ergonomic}
     uint G1ConcRefinementThreads                  = 10                                        {product} {ergonomic}
   size_t G1HeapRegionSize                         = 2097152                                   {product} {ergonomic}
    uintx GCDrainStackTargetSize                   = 64                                        {product} {ergonomic}
   size_t InitialHeapSize                          = 266338304                                 {product} {ergonomic}
   size_t MarkStackSize                            = 4194304                                   {product} {ergonomic}
   size_t MaxHeapSize                              = 4257218560                                {product} {ergonomic}
   size_t MaxNewSize                               = 2554331136                                {product} {ergonomic}
   size_t MinHeapDeltaBytes                        = 2097152                                   {product} {ergonomic}
   size_t MinHeapSize                              = 8388608                                   {product} {ergonomic}
    uintx NonNMethodCodeHeapSize                   = 5839372                                {pd product} {ergonomic}
    uintx NonProfiledCodeHeapSize                  = 122909434                              {pd product} {ergonomic}
    uintx ProfiledCodeHeapSize                     = 122909434                              {pd product} {ergonomic}
    uintx ReservedCodeCacheSize                    = 251658240                              {pd product} {ergonomic}
     bool SegmentedCodeCache                       = true                                      {product} {ergonomic}
   size_t SoftMaxHeapSize                          = 4257218560                             {manageable} {ergonomic}
     bool UseCompressedOops                        = true                           {product lp64_product} {ergonomic}
     bool UseG1GC                                  = true                                      {product} {ergonomic}
     bool UseLargePagesIndividualAllocation        = false                                  {pd product} {ergonomic}

Logging:
Log output configuration:
 #0: stdout all=warning uptime,level,tags foldmultilines=false
 #1: stderr all=off uptime,level,tags foldmultilines=false

Environment Variables:
JAVA_HOME=C:\Users\lenovo\.jdks\openjdk-21
CLASSPATH=.;C:\Users\lenovo\.jdks\openjdk-21\lib\dt.jar;C:\Users\lenovo\.jdks\openjdk-21\lib\tools.jar;D:\Dev\Jemeter\apache-jmeter-5.6.2\lib\ext\ApacheJMeter_core.jar;D:\Dev\Jemeter\apache-jmeter-5.6.2\lib\jorphan.jar;
PATH=D:\VM\bin\;C:\Users\lenovo\.jdks\openjdk-21\bin;C:\Users\lenovo\.jdks\openjdk-21\jre\bin;C:\Program Files\Common Files\Oracle\Java\javapath;C:\Program Files (x86)\Common Files\Oracle\Java\javapath;D:\Program Files (x86)\mingw64\bin;C:\Windows\system32;C:\Windows;C:\Windows\System32\Wbem;C:\Windows\System32\WindowsPowerShell\v1.0\;C:\Program Files\dotnet\;C:\Program Files (x86)\NVIDIA Corporation\PhysX\Common;D:\Maven\apache-maven-3.8.6\bin;D:\Program Files\lua-5.3.4;D:\tesseract-ocr-v5.3.0;C:\Program Files\Docker\Docker\resources\bin;D:\Program Files\nvm;D:\nodeJs;C:\ProgramData\chocolatey\bin;D:\Program Files\Go\bin;D:\Program Files\Kotlinc\bin;D:\Dev\miniconda;D:\Dev\miniconda\Scripts;D:\Dev\Jemeter\apache-jmeter-5.6.2\bin;D:\Dev\miniconda\Library\bin;D:\Program Files\Git\cmd;C:\Program Files\PowerShell\7\;D:\Dev\Toolbox\scripts;D:\Program Files\Ruby32-x64\bin;C:\Users\lenovo\AppData\Local\Programs\Python\Python38\Scripts\;C:\Users\lenovo\AppData\Local\Programs\Python\Python38\;C:\Users\lenovo\AppData\Local\Programs\Python\Python310\Scripts\;C:\Users\lenovo\AppData\Local\Programs\Python\Python310\;C:\Users\lenovo\AppData\Local\Microsoft\WindowsApps;D:\Program Files (x86)\Microsoft VS Code\bin;C:\Users\lenovo\.dotnet\tools;D:\Program Files (x86)\Microsoft VS Code\bin;D:\Program Files\bandzip\;D:\Mysql\mysql-5.7.19-winx64\bin;D:\Program Files\lua-5.3.4;D:\wget-1.21.3-win64;D:\Program Files\nvm;D:\nodeJs;C:\Users\lenovo\go\bin;D:\gradle8.1\gradle-8.1\bin;C:\Users\lenovo\AppData\Local\JetBrains\Toolbox\scripts;D:\Dev\IntelliJ IDEA Ultimate 2\IntelliJ IDEA 2023.3.4\bin;;D:\Dev\IntelliJ IDEA Ultimate 2\bin;D:\Dev\Postgres\bin;D:\SDK\FlutterSDK\flutter\bin;D:\Program Files\ffmpeg\bin
USERNAME=lenovo
OS=Windows_NT
PROCESSOR_IDENTIFIER=AMD64 Family 25 Model 80 Stepping 0, AuthenticAMD
TMP=C:\Users\lenovo\AppData\Local\Temp
TEMP=C:\Users\lenovo\AppData\Local\Temp




---------------  S Y S T E M  ---------------

OS:
 Windows 10 , 64 bit Build 19041 (10.0.19041.1706)
OS uptime: 0 days 1:42 hours
Hyper-V role detected

CPU: total 12 (initial active 12) (12 cores per cpu, 2 threads per core) family 25 model 80 stepping 0 microcode 0x0, cx8, cmov, fxsr, ht, mmx, 3dnowpref, sse, sse2, sse3, ssse3, sse4a, sse4.1, sse4.2, popcnt, lzcnt, tsc, tscinvbit, avx, avx2, aes, erms, clmul, bmi1, bmi2, adx, sha, fma, vzeroupper, clflush, clflushopt, hv, rdtscp, rdpid, fsrm, f16c, cet_ss
Processor Information for all 12 processors :
  Max Mhz: 3301, Current Mhz: 3301, Mhz Limit: 3301

Memory: 4k page, system-wide physical 16236M (3784M free)
TotalPageFile size 19820M (AvailPageFile size 4699M)
current process WorkingSet (physical memory assigned to process): 39M, peak: 39M
current process commit charge ("private bytes"): 343M, peak: 343M

vm_info: OpenJDK 64-Bit Server VM (21+35-2513) for windows-amd64 JRE (21+35-2513), built on 2023-08-09T20:25:10Z by "mach5one" with MS VC++ 17.1 (VS2022)

END.
